0 info it worked if it ends with ok
1 verbose cli [ '/Users/koss/.n/bin/node',
1 verbose cli   '/Users/koss/.n/bin/npm',
1 verbose cli   'run',
1 verbose cli   'test-coverage-coveralls' ]
2 info using npm@3.8.6
3 info using node@v6.0.0
4 verbose run-script [ 'pretest-coverage-coveralls',
4 verbose run-script   'test-coverage-coveralls',
4 verbose run-script   'posttest-coverage-coveralls' ]
5 info lifecycle assets-webpack-plugin@3.4.0~pretest-coverage-coveralls: assets-webpack-plugin@3.4.0
6 silly lifecycle assets-webpack-plugin@3.4.0~pretest-coverage-coveralls: no script for pretest-coverage-coveralls, continuing
7 info lifecycle assets-webpack-plugin@3.4.0~test-coverage-coveralls: assets-webpack-plugin@3.4.0
8 verbose lifecycle assets-webpack-plugin@3.4.0~test-coverage-coveralls: unsafe-perm in lifecycle true
9 verbose lifecycle assets-webpack-plugin@3.4.0~test-coverage-coveralls: PATH: /Users/koss/.n/lib/node_modules/npm/bin/node-gyp-bin:/Users/koss/src/kossnocorp/assets-webpack-plugin/node_modules/.bin:/Users/koss/.n/bin:/opt/homebrew-cask/Caskroom/google-cloud-sdk/latest/google-cloud-sdk/bin:/Users/koss/.n/bin:/Users/koss/.rbenv/shims:/usr/local/sbin:/Users/koss/.n/bin:/Users/koss/.rbenv/shims:/usr/local/sbin:/Users/koss/.n/bin:/Users/koss/.rbenv/shims:/usr/local/sbin:/usr/local/bin:/usr/bin:/bin:/usr/sbin:/sbin:/opt/X11/bin
10 verbose lifecycle assets-webpack-plugin@3.4.0~test-coverage-coveralls: CWD: /Users/koss/src/kossnocorp/assets-webpack-plugin
11 silly lifecycle assets-webpack-plugin@3.4.0~test-coverage-coveralls: Args: [ '-c', 'nyc report --reporter=text-lcov | coveralls' ]
12 silly lifecycle assets-webpack-plugin@3.4.0~test-coverage-coveralls: Returned: code: 1  signal: null
13 info lifecycle assets-webpack-plugin@3.4.0~test-coverage-coveralls: Failed to exec test-coverage-coveralls script
14 verbose stack Error: assets-webpack-plugin@3.4.0 test-coverage-coveralls: `nyc report --reporter=text-lcov | coveralls`
14 verbose stack Exit status 1
14 verbose stack     at EventEmitter.<anonymous> (/Users/koss/.n/lib/node_modules/npm/lib/utils/lifecycle.js:239:16)
14 verbose stack     at emitTwo (events.js:106:13)
14 verbose stack     at EventEmitter.emit (events.js:191:7)
14 verbose stack     at ChildProcess.<anonymous> (/Users/koss/.n/lib/node_modules/npm/lib/utils/spawn.js:24:14)
14 verbose stack     at emitTwo (events.js:106:13)
14 verbose stack     at ChildProcess.emit (events.js:191:7)
14 verbose stack     at maybeClose (internal/child_process.js:850:16)
14 verbose stack     at Process.ChildProcess._handle.onexit (internal/child_process.js:215:5)
15 verbose pkgid assets-webpack-plugin@3.4.0
16 verbose cwd /Users/koss/src/kossnocorp/assets-webpack-plugin
17 error Darwin 15.3.0
18 error argv "/Users/koss/.n/bin/node" "/Users/koss/.n/bin/npm" "run" "test-coverage-coveralls"
19 error node v6.0.0
20 error npm  v3.8.6
21 error code ELIFECYCLE
22 error assets-webpack-plugin@3.4.0 test-coverage-coveralls: `nyc report --reporter=text-lcov | coveralls`
22 error Exit status 1
23 error Failed at the assets-webpack-plugin@3.4.0 test-coverage-coveralls script 'nyc report --reporter=text-lcov | coveralls'.
23 error Make sure you have the latest version of node.js and npm installed.
23 error If you do, this is most likely a problem with the assets-webpack-plugin package,
23 error not with npm itself.
23 error Tell the author that this fails on your system:
23 error     nyc report --reporter=text-lcov | coveralls
23 error You can get information on how to open an issue for this project with:
23 error     npm bugs assets-webpack-plugin
23 error Or if that isn't available, you can get their info via:
23 error     npm owner ls assets-webpack-plugin
23 error There is likely additional logging output above.
24 verbose exit [ 1, true ]
